#
# There is insufficient memory for the Java Runtime Environment to continue.
# Native memory allocation (mmap) failed to map 132120576 bytes for Failed to commit area from 0x0000000082800000 to 0x000000008a600000 of length 132120576.
# Possible reasons:
#   The system is out of physical RAM or swap space
#   The process is running with CompressedOops enabled, and the Java Heap may be blocking the growth of the native heap
# Possible solutions:
#   Reduce memory load on the system
#   Increase physical memory or swap space
#   Check if swap backing store is full
#   Decrease Java heap size (-Xmx/-Xms)
#   Decrease number of Java threads
#   Decrease Java thread stack sizes (-Xss)
#   Set larger code cache with -XX:ReservedCodeCacheSize=
# This output file may be truncated or incomplete.
#
#  Out of Memory Error (./src/hotspot/os/windows/os_windows.cpp:3301), pid=11520, tid=20720
#
# JRE version:  (11.0.10+9) (build )
# Java VM: Dynamic Code Evolution 64-Bit Server VM (11.0.10+9-b1341.41, mixed mode, sharing, tiered, compressed oops, g1 gc, windows-amd64)
# No core dump will be written. Minidumps are not enabled by default on client versions of Windows
#

---------------  S U M M A R Y ------------

Command Line: org.jetbrains.git4idea.http.GitAskPassApp Username for 'https://seecoder-gitlab-gitlab.seec.seecoder.cn': 

Host: Intel(R) Core(TM) i7-10750H CPU @ 2.60GHz, 12 cores, 7G,  Windows 10 , 64 bit Build 19041 (10.0.19041.1741)
Time: Tue Jun 28 16:42:44 2022 中国标准时间 elapsed time: 0.018479 seconds (0d 0h 0m 0s)

---------------  T H R E A D  ---------------

Current thread (0x000001f3c1996800):  JavaThread "Unknown thread" [_thread_in_vm, id=20720, stack(0x0000006dd4100000,0x0000006dd4200000)]

Stack: [0x0000006dd4100000,0x0000006dd4200000]
Native frames: (J=compiled Java code, j=interpreted, Vv=VM code, C=native code)
V  [jvm.dll+0x5f84fa]
V  [jvm.dll+0x77e085]
V  [jvm.dll+0x77f5dd]
V  [jvm.dll+0x77fc93]
V  [jvm.dll+0x2457e8]
V  [jvm.dll+0x5f58f4]
V  [jvm.dll+0x5ea975]
V  [jvm.dll+0x30228b]
V  [jvm.dll+0x3021fa]
V  [jvm.dll+0x3020d2]
V  [jvm.dll+0x306fb6]
V  [jvm.dll+0x34f843]
V  [jvm.dll+0x34ff46]
V  [jvm.dll+0x34f943]
V  [jvm.dll+0x2dbcb8]
V  [jvm.dll+0x2dce57]
V  [jvm.dll+0x75c4d7]
V  [jvm.dll+0x75dd6c]
V  [jvm.dll+0x35cdb9]
V  [jvm.dll+0x73fc9e]
V  [jvm.dll+0x3c5663]
V  [jvm.dll+0x3c7a21]
C  [jli.dll+0x5373]
C  [ucrtbase.dll+0x21bb2]
C  [KERNEL32.DLL+0x17034]
C  [ntdll.dll+0x52651]


---------------  P R O C E S S  ---------------

Threads class SMR info:
_java_thread_list=0x000001f3bf6934a0, length=0, elements={
}

Java Threads: ( => current thread )

Other Threads:
  0x000001f3c19ab800 GCTaskThread "GC Thread#0" [stack: 0x0000006dd4200000,0x0000006dd4300000] [id=19124]
  0x000001f3c19dd000 ConcurrentGCThread "G1 Main Marker" [stack: 0x0000006dd4300000,0x0000006dd4400000] [id=2156]
  0x000001f3c19de800 ConcurrentGCThread "G1 Conc#0" [stack: 0x0000006dd4400000,0x0000006dd4500000] [id=20744]

[error occurred during error reporting (printing all threads), id 0xc0000005, EXCEPTION_ACCESS_VIOLATION (0xc0000005) at pc=0x00007ff983d3c437]

VM state:not at safepoint (not fully initialized)

VM Mutex/Monitor currently owned by a thread:  ([mutex/lock_event])
[0x000001f3c1994d20] Heap_lock - owner thread: 0x000001f3c1996800

Heap address: 0x0000000082800000, size: 2008 MB, Compressed Oops mode: Non-zero based: 0x0000000082800000
Narrow klass base: 0x0000000000000000, Narrow klass shift: 0

GC Heap History (0 events):
No events

Deoptimization events (0 events):
No events

Classes redefined (0 events):
No events

Internal exceptions (0 events):
No events

Events (1 events):
Event: 0.011 Loaded shared library C:\Program Files\JetBrains\IntelliJ IDEA Community Edition 2021.1.1\jbr\bin\zip.dll


Dynamic libraries:
0x00007ff6c4980000 - 0x00007ff6c498a000 	C:\Program Files\JetBrains\IntelliJ IDEA Community Edition 2021.1.1\jbr\bin\java.exe
0x00007ff9c6ab0000 - 0x00007ff9c6ca7000 	C:\WINDOWS\SYSTEM32\ntdll.dll
0x00007ff9c4bb0000 - 0x00007ff9c4c6d000 	C:\WINDOWS\System32\KERNEL32.DLL
0x00007ff9c4540000 - 0x00007ff9c480d000 	C:\WINDOWS\System32\KERNELBASE.dll
0x00007ff9c4440000 - 0x00007ff9c4540000 	C:\WINDOWS\System32\ucrtbase.dll
0x00007ff9a6880000 - 0x00007ff9a6897000 	C:\Program Files\JetBrains\IntelliJ IDEA Community Edition 2021.1.1\jbr\bin\VCRUNTIME140.dll
0x00007ff9a68a0000 - 0x00007ff9a68b9000 	C:\Program Files\JetBrains\IntelliJ IDEA Community Edition 2021.1.1\jbr\bin\jli.dll
0x00007ff9c6570000 - 0x00007ff9c6710000 	C:\WINDOWS\System32\USER32.dll
0x00007ff9c4250000 - 0x00007ff9c4272000 	C:\WINDOWS\System32\win32u.dll
0x00007ff9aee30000 - 0x00007ff9af0ca000 	C:\WINDOWS\WinSxS\amd64_microsoft.windows.common-controls_6595b64144ccf1df_6.0.19041.1110_none_60b5254171f9507e\COMCTL32.dll
0x00007ff9c6000000 - 0x00007ff9c602a000 	C:\WINDOWS\System32\GDI32.dll
0x00007ff9c4b10000 - 0x00007ff9c4bae000 	C:\WINDOWS\System32\msvcrt.dll
0x00007ff9c4280000 - 0x00007ff9c438b000 	C:\WINDOWS\System32\gdi32full.dll
0x00007ff9c4a70000 - 0x00007ff9c4b0d000 	C:\WINDOWS\System32\msvcp_win.dll
0x00007ff9c55f0000 - 0x00007ff9c5620000 	C:\WINDOWS\System32\IMM32.DLL
0x00007ff997880000 - 0x00007ff99791d000 	C:\Program Files\JetBrains\IntelliJ IDEA Community Edition 2021.1.1\jbr\bin\msvcp140.dll
0x00007ff983a50000 - 0x00007ff98459f000 	C:\Program Files\JetBrains\IntelliJ IDEA Community Edition 2021.1.1\jbr\bin\server\jvm.dll
0x00007ff9c64b0000 - 0x00007ff9c655e000 	C:\WINDOWS\System32\ADVAPI32.dll
0x00007ff9c61c0000 - 0x00007ff9c625c000 	C:\WINDOWS\System32\sechost.dll
0x00007ff9c4dc0000 - 0x00007ff9c4ee5000 	C:\WINDOWS\System32\RPCRT4.dll
0x00007ff9c4da0000 - 0x00007ff9c4da8000 	C:\WINDOWS\System32\PSAPI.DLL
0x00007ff9aa270000 - 0x00007ff9aa279000 	C:\WINDOWS\SYSTEM32\WSOCK32.dll
0x00007ff9b38d0000 - 0x00007ff9b38f7000 	C:\WINDOWS\SYSTEM32\WINMM.dll
0x00007ff9c5ed0000 - 0x00007ff9c5f3b000 	C:\WINDOWS\System32\WS2_32.dll
0x00007ff9be5d0000 - 0x00007ff9be5da000 	C:\WINDOWS\SYSTEM32\VERSION.dll
0x00007ff9c2ab0000 - 0x00007ff9c2ac2000 	C:\WINDOWS\SYSTEM32\kernel.appcore.dll
0x00007ff9bf080000 - 0x00007ff9bf091000 	C:\Program Files\JetBrains\IntelliJ IDEA Community Edition 2021.1.1\jbr\bin\verify.dll
0x00007ff9c2770000 - 0x00007ff9c2954000 	C:\WINDOWS\SYSTEM32\DBGHELP.DLL
0x00007ff9af8b0000 - 0x00007ff9af8dc000 	C:\WINDOWS\SYSTEM32\dbgcore.DLL
0x00007ff9c4810000 - 0x00007ff9c4892000 	C:\WINDOWS\System32\bcryptPrimitives.dll
0x00007ff9bef10000 - 0x00007ff9bef39000 	C:\Program Files\JetBrains\IntelliJ IDEA Community Edition 2021.1.1\jbr\bin\java.dll
0x00007ff9bfb10000 - 0x00007ff9bfb1b000 	C:\Program Files\JetBrains\IntelliJ IDEA Community Edition 2021.1.1\jbr\bin\jimage.dll
0x00007ff9beef0000 - 0x00007ff9bef08000 	C:\Program Files\JetBrains\IntelliJ IDEA Community Edition 2021.1.1\jbr\bin\zip.dll

dbghelp: loaded successfully - version: 4.0.5 - missing functions: none
symbol engine: initialized successfully - sym options: 0x614 - pdb path: .;C:\Program Files\JetBrains\IntelliJ IDEA Community Edition 2021.1.1\jbr\bin;C:\WINDOWS\SYSTEM32;C:\WINDOWS\WinSxS\amd64_microsoft.windows.common-controls_6595b64144ccf1df_6.0.19041.1110_none_60b5254171f9507e;C:\Program Files\JetBrains\IntelliJ IDEA Community Edition 2021.1.1\jbr\bin\server

VM Arguments:
java_command: org.jetbrains.git4idea.http.GitAskPassApp Username for 'https://seecoder-gitlab-gitlab.seec.seecoder.cn': 
java_class_path (initial): C:/Program Files/JetBrains/IntelliJ IDEA Community Edition 2021.1.1/plugins/git4idea/lib/git4idea-rt.jar;C:/Program Files/JetBrains/IntelliJ IDEA Community Edition 2021.1.1/lib/xmlrpc-2.0.1.jar;C:/Program Files/JetBrains/IntelliJ IDEA Community Edition 2021.1.1/lib/commons-codec-1.15.jar
Launcher Type: SUN_STANDARD

[Global flags]
     intx CICompilerCount                          = 4                                         {product} {ergonomic}
     uint ConcGCThreads                            = 3                                         {product} {ergonomic}
     uint G1ConcRefinementThreads                  = 10                                        {product} {ergonomic}
   size_t G1HeapRegionSize                         = 1048576                                   {product} {ergonomic}
    uintx GCDrainStackTargetSize                   = 64                                        {product} {ergonomic}
   size_t InitialHeapSize                          = 132120576                                 {product} {ergonomic}
   size_t MarkStackSize                            = 4194304                                   {product} {ergonomic}
   size_t MaxHeapSize                              = 2105540608                                {product} {ergonomic}
   size_t MinHeapDeltaBytes                        = 1048576                                   {product} {ergonomic}
    uintx NonNMethodCodeHeapSize                   = 5836300                                {pd product} {ergonomic}
    uintx NonProfiledCodeHeapSize                  = 122910970                              {pd product} {ergonomic}
    uintx ProfiledCodeHeapSize                     = 122910970                              {pd product} {ergonomic}
    uintx ReservedCodeCacheSize                    = 251658240                              {pd product} {ergonomic}
     bool SegmentedCodeCache                       = true                                      {product} {ergonomic}
     bool UseCompressedClassPointers               = true                                 {lp64_product} {ergonomic}
     bool UseCompressedOops                        = true                                 {lp64_product} {ergonomic}
     bool UseG1GC                                  = true                                      {product} {ergonomic}
     bool UseLargePagesIndividualAllocation        = false                                  {pd product} {ergonomic}

Logging:
Log output configuration:
 #0: stdout all=warning uptime,level,tags
 #1: stderr all=off uptime,level,tags

Environment Variables:
CLASSPATH=C:\Program Files\Java\jdk-16.0.1\lib\mysql-connector-java-5.1.40-bin.jar
PATH=C:\Program Files\Git\mingw64\libexec\git-core;C:\Program Files\Git\mingw64\libexec\git-core;C:\Program Files\Git\mingw64\bin;C:\Program Files\Git\usr\bin;C:\Users\asus\bin;C:\Program Files\Common Files\Oracle\Java\javapath;C:\Windows\system32;C:\Windows;C:\Windows\System32\Wbem;C:\Windows\System32\WindowsPowerShell\v1.0;C:\Windows\System32\OpenSSH;C:\Program Files (x86)\NVIDIA Corporation\PhysX\Common;C:\Program Files\NVIDIA Corporation\NVIDIA NvDLISR;C:\Program Files\Git\cmd;C:\WINDOWS\system32;C:\WINDOWS;C:\WINDOWS\System32\Wbem;C:\WINDOWS\System32\WindowsPowerShell\v1.0;C:\WINDOWS\System32\OpenSSH;C:\Program Files\MySQL\MySQL Server 8.0\bin;C:\Program Files (x86)\Tencent\微信web开发者工具\dll;C:\Program Files\MySQL\MySQL Shell 8.0\bin;C:\Users\asus\AppData\Local\Programs\Python\Python37\Scripts;C:\Users\asus\AppData\Local\Programs\Python\Python37;C:\Users\asus\AppData\Local\Microsoft\WindowsApps;D:\Microsoft VS Code\bin;C:\Program Files\JetBrains\WebStorm 2022.1.3\bin
USERNAME=asus
DISPLAY=:0.0
LC_ALL=en_US.UTF-8
OS=Windows_NT
PROCESSOR_IDENTIFIER=Intel64 Family 6 Model 165 Stepping 2, GenuineIntel



---------------  S Y S T E M  ---------------

OS: Windows 10 , 64 bit Build 19041 (10.0.19041.1741)
OS uptime: 0 days 3:12 hours

CPU:total 12 (initial active 12) (6 cores per cpu, 2 threads per core) family 6 model 165 stepping 2 microcode 0xc8, cmov, cx8, fxsr, mmx, sse, sse2, sse3, ssse3, sse4.1, sse4.2, popcnt, avx, avx2, aes, clmul, erms, 3dnowpref, lzcnt, ht, tsc, tscinvbit, bmi1, bmi2, adx, fma

Memory: 4k page, system-wide physical 8028M (360M free)
TotalPageFile size 14172M (AvailPageFile size 15M)
current process WorkingSet (physical memory assigned to process): 10M, peak: 10M
current process commit charge ("private bytes"): 64M, peak: 190M

vm_info: Dynamic Code Evolution 64-Bit Server VM (11.0.10+9-b1341.41) for windows-amd64 JRE (11.0.10+9-b1341.41), built on Apr 17 2021 07:18:15 by "" with MS VC++ 14.0 (VS2015)

END.
